1699280025321 GET /
1699280103336 GET /123
1699280245846 GET /123
1699280249705 GET /123
1699280251918 GET /123
1699280252748 GET /123
1699280365194 GET /123
1699280370472 GET /
1699280585041 GET /api/books
1699280590919 GET /api/books
1699280594745 GET /api/books
1699280598377 GET /api/books
1699280794985 GET /api/books
1699280820721 GET /api/books
1699280827083 GET /api/books
1699280842362 GET /api/books
1699280865969 POST /api/books
1699280867380 POST /api/books
1699280868279 POST /api/books
1699280883840 POST /api/books
1699281200640 GET /
1699281762694 GET /
1699281889968 GET /api/books
1699281986607 GET /api/books
1699281997787 GET /
1699282271037 POST /api/user/login
1699282284178 GET /api/user/login
1699282299179 GET /api/user/login
1699282314987 GET /api/user/login
1699282324403 GET /api/user/login
1699282328508 POST /api/user/login
1699282387326 GET /api/user/login
1699282388314 GET /api/user/login
1699282392724 POST /api/user/login
1699282421350 GET /api/user/login
1699282422508 GET /api/user/login
1699282423354 GET /api/user/login
1699282424900 GET /api/user/login
1699282444896 GET /api/books
1699282477625 GET /api/books1
1699282512543 GET /api/books1
1699282514833 GET /api/books
1699282519242 GET /api/books1
1699282533632 POST /api/user/login
1699282539551 POST /api/user/login1
1699282543510 POST /api/user/login
1699282571528 POST /api/books
1699282575895 GET /api/books
1699282580097 GET /api/books1
1699282792524 POST /api/books
1699282794014 POST /api/books
1699282801522 GET /api/books
1699282923777 GET /api/books/03257dc6-fd14-4c5b-a621-c91db98b6d22
1699283148141 GET /api/books
1699283154931 POST /api/books
1699283156253 POST /api/books
1699283157175 POST /api/books
1699283160590 GET /api/books
1699283170190 GET /api/books/412b6321-d52d-4dc3-ac03-594a49717e67
1699283261061 GET /api/books/412b6321-d52d-4dc3-ac03-594a49717e67
1699283276144 GET /api/books
1699283283402 POST /api/books
1699283284691 POST /api/books
1699283285445 POST /api/books
1699283286207 POST /api/books
1699283289813 GET /api/books
1699283313091 PUT /api/books/2ca93126-ffb3-4ccf-8407-ccaee3802204
1699283464410 GET /api/books
1699283473071 POST /api/books
1699283474075 POST /api/books
1699283474937 POST /api/books
1699283475723 POST /api/books
1699283476551 POST /api/books
1699283479612 GET /api/books
1699283511477 DELETE /api/books/be057349-823a-4b3e-a559-d6d167883fbc
1699283515611 GET /api/books
1699286254328 POST /upload-img
1699286299411 POST /demo/upload-img
1699286320198 POST /demo/upload-img
1699286785666 GET /public/img/demo.png
1699286836992 GET /api/books
1699296517319 GET /api/books
1699296518324 GET /api/books
1699296550579 POST /api/user/login
1699296563709 POST /api/books
1699296599413 POST /api/books
1699296777467 GET /api/books
1699296782762 POST /api/books
1699296849058 POST /api/books
1699297053094 GET /api/books
1699297054076 GET /api/books
1699297055785 GET /api/books
1699297093294 POST /api/user/login
1699297122686 POST /api/books
1699297125536 POST /api/books
1699297129498 GET /api/books
1699297331884 GET /api/books
1699297336177 POST /api/books
1699298270339 GET /api/books
1699298295983 POST /api/user/login
1699298314038 GET /api/books
1699298525973 POST /upload-img
1699298546782 POST /demo/upload-img
1699299098671 POST /booksRouter//api/books
1699299110867 POST /booksRouter/api/books
1699299188034 POST /booksRouter/api/books
1699299232178 GET /api/books
1699299244483 POST /booksRouter/api/books
1699299297371 POST /booksRouter/api/books
1699350768502 GET /api/books
1699350793446 POST /api/user/login
1699350812518 POST /api/books
1699350947414 POST /api/books
1699350976517 POST /booksRouter/api/books
1699351032561 POST /api/books
1699351042998 POST /api/books
1699351053293 GET /api/books
1699351054163 GET /api/books
1699351231803 POST /booksRouter/api/books
1699351243522 POST /booksRouter/api/books
1699351254614 POST /booksRouter/api/books
1699351261606 POST /api/books
1699351270564 POST /api/books
1699351470386 POST /api/books
1699351620217 GET /api/books
1699351768872 POST /api/books
1699351784703 POST /api/books
1699351808476 GET /api/books
1699351928260 POST /api/books
1699351932233 POST /api/books
1699351953505 POST /booksRouter/api/books
1699351959957 GET /api/books
1699351961121 GET /api/books
1699352093435 POST /booksRouter/api/books
1699352110938 POST /api/books
1699352122531 POST /api/books
1699352138041 POST /api/books
1699352143082 POST /api/books
1699352147457 POST /api/books
1699352157700 POST /api/books
1699352171085 GET /api/books
1699352172177 GET /api/books
1699352172731 GET /api/books
1699352496322 POST /api/books
1699352564237 POST /api/books
1699380963957 GET /api/books
1699380982775 POST /api/books
1699380996250 GET /api/books
1699380997162 GET /api/books
1699380997751 GET /api/books
1699380997949 GET /api/books
1699380998488 GET /api/books
1699380998916 GET /api/books
1699381002279 GET /api/books
1699381048174 POST /api/books
1699381053317 GET /api/books
1699381202028 GET /public/books/1699380982786-demo.png
1699386406343 GET /
1699386415032 GET /api/books
1699386420825 POST /api/books
1699386434217 GET /api/books
1699386561085 PUT /api/books/1edc046c-b707-4226-81bd-2a20d40b7b79
1699386604775 GET /api/books/1edc046c-b707-4226-81bd-2a20d40b7b79/download
1699386708396 GET /api/books/1edc046c-b707-4226-81bd-2a20d40b7b79/download
1699386716285 GET /api/books/1edc046c-b707-4226-81bd-2a20d40b7b79/download
1699386725171 GET /api/books/1edc046c-b707-4226-81bd-2a20d40b7b79/download
1699386727468 GET /api/books/1edc046c-b707-4226-81bd-2a20d40b7b79/download
1699386738263 GET /api/books
1699386750154 GET /api/books
1699386786239 GET /api/books/1edc046c-b707-4226-81bd-2a20d40b7b79/download
1699386789348 GET /api/books
1699386830167 POST /api/books
1699386838796 GET /api/books
1699386870845 POST /api/books/e6949eb3-773f-498a-a97b-c4dd9062c294/download
1699386878390 GET /api/books
1699386879493 GET /api/books
1699386882815 GET /api/books/e6949eb3-773f-498a-a97b-c4dd9062c294/download
1699386886188 GET /api/books
1699386887309 GET /api/books
1699386887988 GET /api/books
1699386889205 GET /api/books
1699386890127 GET /api/books
1699386891587 GET /api/books
1699386896735 GET /api/books
1699387030018 GET /api/books/e6949eb3-773f-498a-a97b-c4dd9062c294/download
1699387033304 GET /api/books
1699387034143 GET /api/books
1699387050302 DELETE /api/books/e6949eb3-773f-498a-a97b-c4dd9062c294
1699387054269 GET /api/books
1699387074672 DELETE /api/books/1edc046c-b707-4226-81bd-2a20d40b7b79
1699387078482 GET /api/books
1699387081370 DELETE /api/books/1edc046c-b707-4226-81bd-2a20d40b7b79
1699387356286 GET /api/books
1699387359127 POST /api/books
1699387366594 GET /api/books
1699387403058 GET /api/books/4a5ab9ee-f482-45b5-89c2-2d5a8ab0bfb2/download
1699387433904 GET /api/books
1699387434758 GET /api/books
1699387520842 GET /booksRouter/api/books/4a5ab9ee-f482-45b5-89c2-2d5a8ab0bfb2/download
1699387539636 GET /api/books/4a5ab9ee-f482-45b5-89c2-2d5a8ab0bfb2/download
1699387605173 GET /api/books
1699387635579 GET /api/books/4a5ab9ee-f482-45b5-89c2-2d5a8ab0bfb2
1699387640414 GET /api/books
1699387689885 GET /api/books
1699387693027 POST /api/books
1699387705633 GET /api/books
1699387742623 GET /api/books/f2a49b4f-653d-4c72-a497-85e67231e0f5/download
1699387780451 GET /api/books
1699387787135 DELETE /api/books/f2a49b4f-653d-4c72-a497-85e67231e0f5
1699387789976 GET /api/books
1699387922811 GET /api/user/login
1699387930403 POST /api/user/login
1699387944147 GET /api/books
1699387953648 GET /api/books
1699387955947 GET /api/books
1699387980311 GET /api/books
1699387985403 POST /api/books
1699387990669 POST /api/books
1699387994113 GET /api/books
1699388024650 GET /api/books/3a8ad030-52ec-4298-aea3-7f8bb295e12d
1699388054953 PUT /api/books/3a8ad030-52ec-4298-aea3-7f8bb295e12d
1699388069412 DELETE /api/books/3a8ad030-52ec-4298-aea3-7f8bb295e12d
1699388072318 DELETE /api/books/3a8ad030-52ec-4298-aea3-7f8bb295e12d
1699388075851 GET /api/books
1699388105934 GET /api/books/3a8ad030-52ec-4298-aea3-7f8bb295e12d/download
1699388124394 GET /api/books/6aa4345f-2d55-4233-b14f-fe38f9be11a9/download
1699388135096 DELETE /api/books/6aa4345f-2d55-4233-b14f-fe38f9be11a9
1699388140322 GET /api/books
1699434881905 GET /
1699434882039 GET /favicon.ico
1699434889425 GET /api/books
1699434895786 POST /api/user/login
1699434974573 POST /api/books?filebook
1699434978136 POST /api/books?filebook
1699434981089 GET /api/books
1699435059863 GET /api/books/71f0a553-f351-4085-9b26-a934dc1963df
1699435076155 PUT /api/books/71f0a553-f351-4085-9b26-a934dc1963df
1699435189113 GET /api/books/71f0a553-f351-4085-9b26-a934dc1963df/download
1699435233714 DELETE /api/books/71f0a553-f351-4085-9b26-a934dc1963df
1699435235670 DELETE /api/books/71f0a553-f351-4085-9b26-a934dc1963df
1699435242605 GET /api/books
1699467441537 GET /api/books
1699467441627 GET /favicon.ico
1699467478552 POST /api/books
1699467495672 GET /api/books
1699467525206 GET /api/books/1327e800-e552-400c-8300-68b6f9d8da24/download
1699467531209 GET /api/books/1327e800-e552-400c-8300-68b6f9d8da24/download
1699467658129 GET /api/books/1327e800-e552-400c-8300-68b6f9d8da24/download
1699467683040 GET /api/books/1327e800-e552-400c-8300-68b6f9d8da24/download
1699467683921 GET /api/books/1327e800-e552-400c-8300-68b6f9d8da24/download
1699467684997 GET /api/books/1327e800-e552-400c-8300-68b6f9d8da24/download
1699467695847 GET /api/books/1327e800-e552-400c-8300-68b6f9d8da241/download
1699467707535 GET /api/books/1327e800-e552-400c-8300-68b6f9d8da24/download
1699467756573 GET /api/books
1699467761476 POST /api/books
1699467783670 GET /api/books/265b8828-8277-4706-8cca-9935815c0aea/download
1699467980689 GET /api/books
1699467982058 GET /api/books
1699467987119 POST /api/books
1699467990649 GET /api/books
1699468011958 GET /api/books/c60efae5-3b3a-47a0-93ef-65c7b56bca96/download
1699468140190 GET /api/books
1699468146395 POST /api/books
1699468171198 GET /api/books
1699468185475 GET /api/books/4a4bbac3-69b9-4bb2-9b98-076ba8f07c7e/download
1699468369990 POST /api/books
1699468424757 POST /api/books/95fdd967-128c-444f-a46f-15c9793fc0a6/download
1699468431109 GET /api/books
1699468439814 GET /api/books/95fdd967-128c-444f-a46f-15c9793fc0a6/download
1699468512005 GET /api/books/95fdd967-128c-444f-a46f-15c9793fc0a61/download
1699468518403 GET /api/books/95fdd967-128c-444f-a46f-15c9793fc0a6/download
1699468535802 GET /api/books
1699468536499 GET /api/books
1699717334851 GET /api/books
1699717334892 GET /favicon.ico
1699717422310 GET /api/books
1699717431974 GET /api/books
1699717432704 GET /api/books
1699717433604 GET /api/books
1699717434248 GET /api/books
1699717435009 GET /api/books
1699717510852 GET /api/books
1699717530180 GET /api/books
1699717541608 GET /api/books
1699717665639 GET /api/books
1699717667443 GET /api/books
1699717798842 GET /api/books
1699717806016 GET /api/books
1699717835000 GET /api/books
1699717857692 GET /api/books
1699717858444 GET /api/books
1699717859053 GET /api/books
1699718755095 GET /api/books
1699718885003 GET /api/books
1699718885832 GET /api/books
1699718886067 GET /api/books
1699718902706 GET /api/books
1699719370083 GET /api/books
1699719552667 GET /api/books
1699719559777 GET /
1699719869300 GET /
1699719882554 GET /
1699719883518 GET /
1699719883730 GET /
1699719914524 GET /books
1699719925550 GET /books
1699719970130 GET /books
1699720003386 GET /
1699720007086 GET /api/books
1699720026736 GET /api/books
1699720143364 GET /
1699720362366 GET /
1699720369780 GET /
1699720370864 GET /
1699720372152 GET /api/books
1699720377914 GET /api/books
1699720381622 GET /api/books
1699720384626 GET /api/books
1699720456776 GET /api/books
1699720776623 GET /
1699720777846 GET /
1699720915137 GET /
1699721203295 GET /
1699721423852 GET /
1699721829851 GET /
1699721832121 GET /
1699721833596 GET /
1699721834790 GET /todo
1699721839642 GET /todo
1699721929167 GET /
1699721930567 GET /api/books
1699721936922 GET /
1699721938099 GET /
1699721939232 GET /api/books
1699722038157 GET /
1699722039154 GET /
1699722058497 GET /
1699722059406 GET /
1699722060336 GET /
1699722061219 GET /
1699722061974 GET /
1699722062857 GET /
1699722063364 GET /
1699722064148 GET /
1699722064824 GET /api/books
1699722067140 GET /
1699722068060 GET /
1699722068682 GET /
1699722102999 GET /
1699722104574 GET /
1699722105590 GET /
1699722106548 GET /
1699722107132 GET /api/books
1699722137483 GET /
1699722139047 GET /
1699722140191 GET /
1699722140795 GET /
1699722141363 GET /api/books
1699722559385 GET /api/books
1699722588798 GET /api/books
1699722592678 GET /api/books
1699722905705 GET /api/books
1699723313068 GET /api/books
1699723315780 GET /api/books
1699723459239 GET /api/books
1699723743991 GET /api/books
1699723745308 GET /api/books
1699723746298 GET /api/books
1699723746770 GET /api/books
1699724207052 GET /api/books
1699724208526 GET /api/books
1699724329859 GET /api/books
1699724427225 GET /api/books
1699724428909 GET /api/books
1699724429816 GET /api/books
1699724431067 GET /api/books
1699724432751 GET /api/books
1699724433371 GET /api/books
1699724967501 GET /api/books
1699724968524 GET /api/books
1699725827597 GET /api/books
1699725834889 GET /
1699725844713 GET /api/books
1699725976172 GET /
1699726050372 GET /
1699726186531 GET /
1699726196546 GET /api/books
1699726311554 GET /api/books
1699726319924 GET /api/books
1699726498192 GET /api/books/api/books
1699726770831 GET /api/books/api/books
1699726776441 GET /api/books
1699727244847 GET /api/books
1699727296575 POST /api/user/login
1699727326301 POST /api/books/api/user/login
1699727738842 GET /api/books
1699727740194 GET /api/books
1699727797056 POST /api/books
1699727837660 POST /api/books
1699727840442 GET /api/books
1699727841439 GET /api/books
1699727860975 POST /api/books
1699728041154 POST /api/books
1699728046266 GET /api/books
1699728090787 POST /api/books
1699728095013 GET /api/books
1699728174553 PUT /api/books/f7903ef9-6f10-4151-921a-8e805807c3c9
1699728257820 PUT /api/books/f48d6086-eee9-4f67-a44b-bcc775cf6a8d
1699728276375 PUT /api/books/f48d6086-eee9-4f67-a44b-bcc775cf6a8d
1699728312433 PUT /api/books/f7903ef9-6f10-4151-921a-8e805807c3c9
1699728337835 PUT /api/books/f7903ef9-6f10-4151-921a-8e805807c3c9
1699728396217 PUT /api/books/f48d6086-eee9-4f67-a44b-bcc775cf6a8d
1699728404597 PUT /api/books/f48d6086-eee9-4f67-a44b-bcc775cf6a8d
1699728416413 PUT /api/books/f48d6086-eee9-4f67-a44b-bcc775cf6a8d
1699728427278 GET /api/books
1699728428594 GET /api/books
1699728429081 GET /api/books
1699728429291 GET /api/books
1699728429523 GET /api/books
1699728429750 GET /api/books
1699728442923 PUT /api/books/f48d6086-eee9-4f67-a44b-bcc775cf6a8d
1699728447645 PUT /api/books/f48d6086-eee9-4f67-a44b-bcc775cf6a8d
1699728451938 GET /api/books
1699728452862 GET /api/books
1699728485809 PUT /api/books/f48d6086-eee9-4f67-a44b-bcc775cf6a8d
1699728518749 PUT /api/books/f48d6086-eee9-4f67-a44b-bcc775cf6a8d
1699728609612 GET /api/books
1699728610992 GET /api/books
1699728616386 GET /api/books
1699728619431 GET /api/books
1699728657904 GET /api/books
1699728767533 POST /api/books/api/user/login
1699728792693 GET /api/books
1699728796350 GET /api/books
1699728822803 POST /api/books
1699728826997 GET /api/books
1699728834978 POST /api/books
1699728846196 GET /api/books
1699728929789 GET /api/books/d351b05a-ee86-4b31-89a5-73be847a89f6
1699728955255 PUT /api/books/d351b05a-ee86-4b31-89a5-73be847a89f6
1699729040351 GET /api/books/d351b05a-ee86-4b31-89a5-73be847a89f6
1699729048338 GET /api/books/d351b05a-ee86-4b31-89a5-73be847a89f6
1699729055703 GET /api/books
1699732143951 GET /api/books
1699732161559 POST /api/books
1699732162815 POST /api/books
1699732163746 POST /api/books
1699732166971 GET /api/books
1699732193108 POST /api/books/api/user/login
1699732241490 GET /api/books/73e90c59-734e-405a-8b9a-96ec5068890a
1699732274513 GET /api/books/c2d1e745-adfd-4341-8539-f216029c4130
1699732296662 PUT /api/books/c2d1e745-adfd-4341-8539-f216029c4130
1699732324142 PUT /api/books/c2d1e745-adfd-4341-8539-f216029c4130
1699732386802 DELETE /api/books/c2d1e745-adfd-4341-8539-f216029c4130
1699732389449 DELETE /api/books/c2d1e745-adfd-4341-8539-f216029c4130
1699732400082 GET /api/books
1699732482376 GET /api/books/73e90c59-734e-405a-8b9a-96ec5068890a/download
1699732683926 GET /api/books
1699732692909 GET /
1699732694153 GET /
1699732799340 GET /
1699732801199 GET /
1699732801925 GET /
1699732802865 GET /api/books
1699732883892 GET /api/books
1699732884946 GET /api/books
1699732888996 GET /
1699732891898 GET /
1699732895894 GET /api/books
1699732960597 GET /api/books
1699732961383 GET /api/books
1699732961941 GET /api/books
1699732962124 GET /api/books
1699732962308 GET /api/books
1699732962488 GET /api/books
1699732962654 GET /api/books
1699732962832 GET /api/books
1699733697743 GET /api/books
1699733700777 GET /
1699733701345 GET /api/books
1699734008327 GET /api/books
1699734048948 GET /api/books
1699734053108 GET /
1699734054693 GET /
1699734055455 GET /
1699734055709 GET /
1699734056157 GET /api/books
1699734056819 GET /
1699734058095 GET /
1699734058799 GET /
1699734059346 GET /api/books
1699734061372 GET /api/books/create
1699734152139 GET /api/books
1699734170132 GET /api/books/66b6417b-d7dc-49bb-b2b7-3af4ea980f8d
1699734173622 GET /api/books/update/66b6417b-d7dc-49bb-b2b7-3af4ea980f8d
1699734176781 POST /api/books/delete/66b6417b-d7dc-49bb-b2b7-3af4ea980f8d
1699734789669 GET /api/books
1699734807261 GET /api/books
1699734808395 GET /api/books
1699734888299 GET /api/books
1699735087460 GET /
1699735088489 GET /api/books
1699735090181 GET /
1699735156171 GET /api/books
1699735158903 GET /api/books/e44508e3-b1e9-41c5-a802-84ca3dcbe5d9
1699735200699 GET /api/books/e44508e3-b1e9-41c5-a802-84ca3dcbe5d9
1699735438405 GET /api/books/e44508e3-b1e9-41c5-a802-84ca3dcbe5d9
1699735505645 GET /api/books/e44508e3-b1e9-41c5-a802-84ca3dcbe5d9
1699735540228 GET /api/books/e44508e3-b1e9-41c5-a802-84ca3dcbe5d9
1699735752633 GET /api/books
1699735754671 GET /api/books/0cc0d707-ce1c-4eb0-b021-3aa5c515b90d
1699735765638 GET /api/books/0cc0d707-ce1c-4eb0-b021-3aa5c515b90d
1699735796439 GET /api/books
1699735798540 GET /api/books/0cc0d707-ce1c-4eb0-b021-3aa5c515b90d
1699735805221 GET /api/books
1699735814967 GET /api/books/0cc0d707-ce1c-4eb0-b021-3aa5c515b90d
1699735816240 GET /api/books
1699735866310 GET /api/books
1699735867354 GET /api/books
1699735869814 GET /api/books/30c18e89-9ee3-44eb-8bee-c99d561bc018
1699735957363 GET /api/books/30c18e89-9ee3-44eb-8bee-c99d561bc018
1699735964298 GET /api/books
1699735967968 GET /api/books/4030abbd-0c8f-44c8-9f6b-cb878374dabb
1699735975697 GET /api/books/4030abbd-0c8f-44c8-9f6b-cb878374dabb
1699736035336 GET /api/books
1699736042195 GET /api/books
1699736545321 GET /api/books
1699736549137 GET /api/books/e4f3b255-c05a-46fb-aa1f-19f4a490d89b
1699736582973 GET /api/books/e4f3b255-c05a-46fb-aa1f-19f4a490d89b
1699736584930 GET /api/books/e4f3b255-c05a-46fb-aa1f-19f4a490d89b
1699736588147 GET /api/books/e4f3b255-c05a-46fb-aa1f-19f4a490d89b
1699736603272 GET /api/books/e4f3b255-c05a-46fb-aa1f-19f4a490d89b
1699736605287 GET /api/books/e4f3b255-c05a-46fb-aa1f-19f4a490d89b
1699736627452 GET /api/books
1699736628800 GET /api/books/249790fe-37d2-4618-880b-98bf0da7d032
1699736631577 GET /api/books
1699736646547 GET /api/books
1699736648350 GET /api/books/ffd9e1f9-e744-4ce4-906d-441a10499b1e
1699736675576 GET /api/books
1699736790729 GET /api/books
1699736792241 GET /api/books/ea34e106-ac98-44bb-8b18-49b4aa49d8a2
1699737273666 GET /api/books/ea34e106-ac98-44bb-8b18-49b4aa49d8a2
1699737276187 GET /api/books
1699737277432 GET /api/books/86394899-f0b8-4c5e-b9dd-be045b547f91
1699737282445 GET /api/books
1699737320093 GET /api/books
1699737321480 GET /api/books/ced22c2d-8b23-4a0b-9dc7-a247267f5a4e
1699737324009 GET /api/books
1699737325106 GET /
1699737326610 GET /
1699737327083 GET /api/books
1699737327809 GET /
1699737329105 GET /
1699737330183 GET /
1699737330867 GET /api/books
1699737332844 GET /api/books/ced22c2d-8b23-4a0b-9dc7-a247267f5a4e
1699737334278 GET /api/books
1699737394192 GET /api/books
1699737395258 GET /api/books/create
1699737433164 GET /api/books/create
1699737819389 GET /api/books
1699737820793 GET /api/books/create
1699737826609 GET /api/books
1699737829740 GET /api/books/create
1699738011092 GET /api/books
1699738012528 GET /api/books/create
1699738015514 GET /api/books
1699738016616 GET /api/books/create
1699739314741 GET /
1699739316239 GET /favicon.ico
1699739317722 GET /
1699739318527 GET /
1699739319071 GET /
1699739320229 GET /
1699739320928 GET /
1699739321509 GET /api/books
1699739322593 GET /
1699739323314 GET /
1699739323986 GET /api/books
1699739325609 GET /api/books/1a60c7d2-10b4-4f25-a216-56e8a10b1434
1699739327052 GET /api/books
1699739328818 GET /api/books/1a60c7d2-10b4-4f25-a216-56e8a10b1434
1699739331184 GET /api/books
1699739553361 GET /api/books
1699739555066 GET /api/books/e07466ef-d2b3-4f6b-b312-3f1226dba6f0
1699739556420 GET /api/books
1699739557876 GET /api/books/create
1699739562050 GET /api/books/create
1699739566976 GET /api/books/create
1699739595109 GET /api/books/create
1699739831313 GET /api/books
1699739832668 GET /api/books/create
1699740121560 GET /api/books
1699740123150 GET /api/books/create
1699740126199 GET /api/books
1699740127314 GET /api/books/create
1699740135487 GET /api/books/create
1699740164612 GET /api/books/create
1699740166671 GET /api/books
1699740168273 GET /api/books/a4ebf1e1-1631-4483-b776-47b25f27bbeb
1699740171992 GET /api/books
1699740173920 GET /api/books/a4ebf1e1-1631-4483-b776-47b25f27bbeb
1699740174926 GET /api/books
1699740176870 GET /api/books/create
1699740179240 GET /api/books/create
1699740181721 GET /api/books/a4ebf1e1-1631-4483-b776-47b25f27bbeb
1699740185459 GET /
1699740186510 GET /api/books
1699740190285 GET /api/books/update/a4ebf1e1-1631-4483-b776-47b25f27bbeb
1699740193774 GET /api/books/a4ebf1e1-1631-4483-b776-47b25f27bbeb
1699740195383 GET /api/books
1699740260799 GET /api/books
1699740261961 GET /api/books/create
1699740264257 GET /api/books/create
1699740379004 GET /api/books
1699740380281 GET /api/books/create
1699740382106 GET /api/books/create
1699740384762 GET /api/books/create
1699740390441 GET /api/books/68f5757b-d6c5-4997-ac37-e41efb0b8ea6
1699740391925 GET /api/books
1699741187970 GET /api/books
1699741189204 GET /api/books/create
1699741434017 GET /api/books
1699741434791 GET /api/books
1699741436933 GET /
1699741439181 GET /api/books
1699741440399 GET /api/books
1699741441801 GET /api/books/68f5757b-d6c5-4997-ac37-e41efb0b8ea6
1699741443652 GET /api/books
1699741650085 GET /api/books
1699741650817 GET /api/books
1699741651944 GET /api/books/create
1699741658037 GET /api/books/create
1699742921278 GET /books
1699742923062 GET /books
1699742943511 GET /
1699742946456 GET /api/books
1699742950281 GET /api/books/create
1699742955011 GET /api/books/create
1699742958531 GET /api/books
1699742959692 GET /api/books/create
1699742961170 GET /api/books/create
1699742976366 GET /api/books/create
1699743009338 GET /api/books/create
1699743011988 GET /api/books
1699743013244 GET /api/books/create
1699743015154 GET /api/books
1699743015355 GET /api/books
1699743015541 GET /api/books
1699743015734 GET /api/books
1699743016432 GET /api/books
1699743017551 GET /api/books/create
1699743406225 GET /api/books
1699743408024 GET /api/books/6cc73b65-d5bc-4376-9cd6-143a2c08cd4a
1699743410847 GET /api/books
1699743432618 GET /api/books/create
1699743999931 GET /api/books
1699744001746 GET /api/books/6cc73b65-d5bc-4376-9cd6-143a2c08cd4a
1699744003112 GET /api/books
1699744007139 GET /api/books/update/6cc73b65-d5bc-4376-9cd6-143a2c08cd4a
1699744640660 GET /api/books
1699744641917 GET /api/books
1699744642432 GET /api/books
1699744642676 GET /api/books
1699744643460 GET /
1699744646090 GET /
1699744647455 GET /
1699744648894 GET /api/books
1699744657729 GET /api/books
1699744657928 GET /api/books
1699744658118 GET /api/books
1699744658322 GET /api/books
1699744658965 GET /
1699744659574 GET /
1699744660671 GET /api/books
1699744662284 GET /
1699744729650 GET /
1699744731095 GET /
1699744731702 GET /
1699744732404 GET /api/books
1699744733401 GET /
1699744733878 GET /
1699744734451 GET /
1699744734836 GET /api/books
1699744735346 GET /
1699744737021 GET /api/books
1699744739105 GET /api/books/44300b3e-8896-4215-b9a9-c697b16592e9
1699744740933 GET /api/books
1699744850941 GET /
1699744853681 GET /
1699744854870 GET /
1699744855662 GET /
1699744856368 GET /
1699744857371 GET /api/books
1699744858273 GET /
1699744859435 GET /
1699744860086 GET /
1699744860665 GET /api/books
1699744864757 GET /
1699744868082 GET /api/books
1699744869259 GET /
1699744870207 GET /
1699744879660 GET /
1699744880534 GET /api/books
1699744881975 GET /
1699744883470 GET /
1699744884209 GET /api/books
1699744887667 GET /api/books
1699744888658 GET /
1699744889591 GET /
1699744901113 GET /api/books
1699744902963 GET /
1699778941396 GET /books
1699778941447 GET /favicon.ico
1699779726338 GET /books
1699779727093 GET /books
1699779731155 GET /
1699779734593 GET /
1699779735314 GET /
1699779735890 GET /api/books
1699779770470 GET /api/books
1699779771782 GET /
1699779773213 GET /api/books
1699780362800 GET /
1699780363505 GET /api/books
1699780367379 GET /api/books/d65235f7-04e2-43c2-a387-4f8ea1dc211b
1699780382077 GET /api/books
1699780383343 GET /api/books/d65235f7-04e2-43c2-a387-4f8ea1dc211b
1699780385008 GET /api/books/d65235f7-04e2-43c2-a387-4f8ea1dc211b
1699780386584 GET /api/books
1699780387060 GET /api/books
1699780387511 GET /api/books
1699780388307 GET /api/books/d65235f7-04e2-43c2-a387-4f8ea1dc211b
1699780423898 GET /
1699780425007 GET /
1699780426591 GET /api/books
1699780428099 GET /api/books/d65235f7-04e2-43c2-a387-4f8ea1dc211b
1699780467792 GET /api/books/d65235f7-04e2-43c2-a387-4f8ea1dc211b
1699780474242 GET /
1699780475292 GET /
1699780476116 GET /api/books
1699780477437 GET /api/books/15703d9d-fcdf-42b5-b8b8-0d83bafc44f5
1699780527582 GET /api/books/15703d9d-fcdf-42b5-b8b8-0d83bafc44f5
1699780533608 GET /api/books
1699780536195 GET /api/books/15703d9d-fcdf-42b5-b8b8-0d83bafc44f5
1699780537462 GET /api/books
1699780548404 GET /api/books
1699780549602 GET /api/books/15703d9d-fcdf-42b5-b8b8-0d83bafc44f5
1699780551964 GET /api/books/15703d9d-fcdf-42b5-b8b8-0d83bafc44f5
1699780573074 GET /api/books/15703d9d-fcdf-42b5-b8b8-0d83bafc44f5
1699780573839 GET /api/books/15703d9d-fcdf-42b5-b8b8-0d83bafc44f5
1699780574084 GET /api/books/15703d9d-fcdf-42b5-b8b8-0d83bafc44f5
1699780574321 GET /api/books/15703d9d-fcdf-42b5-b8b8-0d83bafc44f5
1699780576048 GET /api/books
1699780577398 GET /api/books/15703d9d-fcdf-42b5-b8b8-0d83bafc44f5
1699780579399 GET /api/books/15703d9d-fcdf-42b5-b8b8-0d83bafc44f5
1699780754317 GET /api/books
1699780755791 GET /api/books
1699780757216 GET /api/books/15703d9d-fcdf-42b5-b8b8-0d83bafc44f5
1699780785212 GET /api/books/15703d9d-fcdf-42b5-b8b8-0d83bafc44f5
1699780804331 GET /api/books/15703d9d-fcdf-42b5-b8b8-0d83bafc44f5
1699780809144 GET /books/update/15703d9d-fcdf-42b5-b8b8-0d83bafc44f5
1699780811963 POST /books/delete/15703d9d-fcdf-42b5-b8b8-0d83bafc44f5
1699780814187 GET /api/books
1699780815716 GET /api/books/15703d9d-fcdf-42b5-b8b8-0d83bafc44f5
1699780860644 GET /api/books/15703d9d-fcdf-42b5-b8b8-0d83bafc44f5
1699780863162 GET /books/update/15703d9d-fcdf-42b5-b8b8-0d83bafc44f5
1699780868903 GET /api/books
1699781521009 GET /api/books
1699781522003 GET /
1699781523079 GET /
1699781524143 GET /api/books
1699781525506 GET /api/books/73db3e96-32b9-4e7b-93b7-44585214c849
1699781529262 POST /api/books/delete/73db3e96-32b9-4e7b-93b7-44585214c849
1699781529275 GET /books
1699781579121 GET /
1699781580303 GET /
1699781581439 GET /api/books
1699781583173 POST /api/books/delete/e2249b55-2e32-4cab-ab1a-3ac9a6cd1774
1699781583191 GET /api/books
1699781587560 GET /
1699781588268 GET /api/books
1699781589320 GET /
1699781689707 GET /api/books
1699781720245 GET /api/books1
1699781730394 GET /api/books
1699781784827 GET /api/books1
1699781788474 GET /
1699781789456 GET /api/books
1699781792263 POST /api/books/delete/c713c982-2e1e-49f5-af3e-f03bffc45244
1699781792275 GET /api/books
1699781795786 GET /
1699781810135 GET /api/books
1699781811374 GET /api/books/2f565ac8-5b2f-4378-ad2c-e8c9b90c4f52
1699781813077 POST /books/delete/2f565ac8-5b2f-4378-ad2c-e8c9b90c4f52
1699781833798 POST /books/delete/2f565ac8-5b2f-4378-ad2c-e8c9b90c4f52
1699781837150 GET /
1699781838141 GET /api/books
1699781842898 POST /api/books/delete/2f565ac8-5b2f-4378-ad2c-e8c9b90c4f52
1699781842909 GET /api/books
1699781862932 GET /
1699781863806 GET /api/books
1699781985838 GET /
1699781987179 GET /
1699781988165 GET /api/books
1699781989283 GET /api/books/5b9b406d-39f8-4927-b8da-f2e850d972fa
1699781990452 POST /api/books/delete/5b9b406d-39f8-4927-b8da-f2e850d972fa
1699781990465 GET /api/books
1699782013449 GET /
1699782165618 GET /api/books
1699782170031 GET /
1699782171177 GET /api/books
1699782173001 GET /api/books/a7c97d5e-d314-4656-8223-a0a6bacebfb8
1699782179354 GET /api/books/a7c97d5e-d314-4656-8223-a0a6bacebfb81
1699782185496 GET /api/books/a7c97d5e-d314-4656-8223-a0a6bacebfb8
1699782187498 POST /api/books/delete/a7c97d5e-d314-4656-8223-a0a6bacebfb8
1699782187508 GET /api/books
1699782191592 GET /api/books1
1699782196244 GET /api/books
1699782200610 GET /api/books/create
1699782203401 GET /api/books
1699782396639 GET /
1699782397494 GET /
1699782398297 GET /api/books
1699782401541 GET /
1699782402444 GET /
1699782403181 GET /api/books
1699782411171 POST /api/books/delete/8d841e13-e0fd-45f5-929d-58df6e44a7db
1699782411184 GET /api/books
1699782424856 GET /api/books
1699782434626 GET /
1699787033928 GET /
1699787037955 GET /
1699787039877 GET /api/books
1699787068429 GET /api/books/update/ebd99b2d-3584-4603-873f-dfbc0f3c36e9
1699787081486 GET /api/books/create
1699787111830 POST /api/books/delete/ebd99b2d-3584-4603-873f-dfbc0f3c36e9
1699787111845 GET /api/books
1699789628625 GET /
1699789632481 GET /
1699789634764 GET /
1699789635390 GET /api/books
1699789637357 GET /api/books/efdd530d-2dcf-4f72-a1d1-de1ff8f79264
1699789640235 GET /api/books
1699789641723 POST /api/books/delete/efdd530d-2dcf-4f72-a1d1-de1ff8f79264
1699789641736 GET /api/books
1699789749449 GET /
1699789751317 GET /api/books
1699789753961 GET /api/books/8ee4099d-255f-4435-802c-425df5eacc03
1699789755666 GET /api/books
1699789758483 GET /api/books/update/8ee4099d-255f-4435-802c-425df5eacc03
1699789762077 GET /api/books/create
1699789765578 POST /api/books/delete/8ee4099d-255f-4435-802c-425df5eacc03
1699789765591 GET /api/books
1699789788175 GET /api/books
1699789793422 GET /
1699789898097 GET /api/books
1699789901801 GET /api/books1
1699789908027 POST /api/books/delete/5e8dbb4e-e261-4edd-9215-9c77b4055cf4
1699789908043 GET /api/books
1699789910917 GET /api/books1
1699789911850 GET /api/books1
1699790047816 GET /api/books1
1699790049040 GET /api/books1
1699790116621 GET /api/books1
1699790124659 GET /api/books
1699790150670 GET /api/books1
1699790248372 GET /api/books1
1699790302365 GET /api/books1
1699790303249 GET /api/books1
1699790303730 GET /api/books1
1699790303916 GET /api/books1
1699790304101 GET /api/books1
1699790304442 GET /api/books1
1699790315637 GET /api/books1
1699790316342 GET /api/books1
1699790316513 GET /api/books1
1699790316696 GET /api/books1
1699790316877 GET /api/books1
1699790317078 GET /api/books1
1699790317463 GET /api/books1
1699790317644 GET /api/books1
1699790317860 GET /api/books1
1699790318538 GET /
1699790319311 GET /api/books
1699790321679 GET /api/books1
1699790329629 GET /
1699790330668 GET /api/books
1699790332139 POST /api/books/delete/943f5fc9-0b92-4ba5-a3ff-ae7c25d751ad
1699790332151 GET /api/books
1699790335048 GET /api/books1
1699790359317 GET /api/books1
1699790360540 GET /api/books1
1699790360790 GET /api/books1
1699790360991 GET /api/books1
1699790361437 GET /api/books1
1699790361620 GET /api/books1
1699790361973 GET /api/books1
1699790422331 GET /api/books1
1699790431066 GET /api/books1
1699790437274 GET /api/books
1699790443071 POST /api/books/delete/70aba330-8d01-4306-96ee-ad1c0ecb23f1
1699790443084 GET /api/books
1699790444740 GET /api/books
1699790446626 GET /api/books1
1699790450353 GET /api/books
1699790453324 GET /
1699790454014 GET /api/books
1699790585208 GET /
1699790586284 GET /api/books
1699790588821 GET /
1699790590335 GET /
1699790590913 GET /
1699790591431 GET /api/books
1699790593490 GET /api/books/d898ad43-84b3-47dd-97c7-7b2630df2577
1699790595170 GET /api/books
1699790742386 GET /api/books/update/d898ad43-84b3-47dd-97c7-7b2630df2577
1699790756105 GET /
1699790757065 GET /api/books
1699790759060 GET /api/books/d898ad43-84b3-47dd-97c7-7b2630df2577
1699790760431 GET /api/books/update/d898ad43-84b3-47dd-97c7-7b2630df2577
1699790765332 GET /api/books
1699790767487 GET /api/books/update/d898ad43-84b3-47dd-97c7-7b2630df2577
1699790846817 GET /api/books/update/d898ad43-84b3-47dd-97c7-7b2630df2577
1699790848205 GET /api/books/update/d898ad43-84b3-47dd-97c7-7b2630df2577
1699791102336 GET /api/books/update/d898ad43-84b3-47dd-97c7-7b2630df2577
1699791103618 GET /
1699791104432 GET /api/books
1699791108803 GET /api/books/update/e90218f0-1035-4f15-9b46-c41f2699873f
1699791134304 GET /
1699791135366 GET /
1699791136177 GET /api/books
1699791137444 GET /api/books/update/e90218f0-1035-4f15-9b46-c41f2699873f
1699791145750 GET /api/books/update
1699791183096 GET /api/books
1699791183455 GET /api/books
1699791187856 GET /api/books/e90218f0-1035-4f15-9b46-c41f2699873f
1699791189117 GET /api/books/update/e90218f0-1035-4f15-9b46-c41f2699873f
1699791190657 GET /api/books
1699791192818 GET /api/books/update/e90218f0-1035-4f15-9b46-c41f2699873f
1699791196394 GET /api/books
1699791198717 GET /api/books/e90218f0-1035-4f15-9b46-c41f2699873f
1699791200340 GET /api/books/update/e90218f0-1035-4f15-9b46-c41f2699873f
1699791204504 GET /api/books
1699791303496 GET /api/books/create
1699791307166 GET /api/books/create
1699791312300 GET /api/books
1699791314205 GET /api/books/create
1699791420876 GET /
1699791421771 GET /
1699791423163 GET /api/books
1699791424923 GET /api/books/create
1699791432782 GET /api/books
1699791433781 GET /api/books/create
1699791610264 GET /api/books
1699791611274 GET /api/books/create
1699791698479 GET /api/books/create
1699791708995 GET /api/books/create
1699791763147 GET /api/books/create
1699791764018 GET /api/books/create
1699791764223 GET /api/books/create
1699791764428 GET /api/books/create
1699791764644 GET /api/books/create
1699791907285 GET /api/books/create
1699793600026 GET /api/books/create
1699793710669 GET /api/books/create
1699793894617 GET /api/books/create
1699793921390 POST /api/books/create
1699794078832 POST /api/books/create
1699794120103 POST /api/books/create
1699794126912 POST /api/books/create
1699794145852 POST /api/books/create
1699794148614 POST /api/books/create
1699794151668 POST /api/books/create
1699794162457 POST /api/books/create
1699794259487 POST /api/books/create
1699794316032 POST /api/books/create
1699794316047 GET /api/books/api/books
1699794320696 GET /
1699794321799 GET /api/books
1699794326055 GET /api/books/create
1699794331432 POST /api/books/create
1699794331440 GET /api/books/api/books
1699794333182 GET /api/books
1699794340631 GET /api/books/7f310cae-6fd1-4f2e-96be-1cd0618eccb3
1699794407264 GET /api/books/7f310cae-6fd1-4f2e-96be-1cd0618eccb3
1699794411955 GET /api/books/create
1699794418242 POST /api/books/create
1699794418256 GET /api/books/api/books
1699794419927 GET /api/books
1699794422692 GET /
1699794423756 GET /api/books
1699794457602 POST /api/books/delete/84a8971d-4fe5-4324-91bc-ef204a8d0810
1699794457610 GET /api/books
1699794461591 GET /api/books
1699794462962 GET /
1699794463619 GET /api/books
1699794465480 GET /api/books
1699794466513 GET /api/books/create
1699794472274 POST /api/books/create
1699794472281 GET /api/books/api/books
1699794474154 GET /api/books
1699794476318 GET /api/books/update/95eafc9a-07b7-4a3a-9802-318ad1701f64
1699794477717 GET /api/books
1699794539795 GET /api/books
1699794540944 GET /api/books/create
1699794549580 POST /api/books/create
1699794549593 GET /api/books/api/books
1699794551416 GET /api/books
1699794556173 GET /api/books/create
1699794563684 POST /api/books/create
1699794563693 GET /api/books/api/books
1699794565037 GET /api/books
1699794571693 POST /api/books/delete/55a47dcb-acda-4f61-8f1c-2e000354c2c7
1699794571701 GET /api/books
1699794841969 GET /api/books/create
1699794848318 POST /api/books/create
1699794848325 GET /api/books/api/books
1699794956834 GET /api/books/api/books
1699794957885 GET /
1699794958748 GET /api/books
1699794960327 GET /api/books/create
1699794991483 GET /api/books/create
1699795013964 GET /api/books/create
1699795021362 POST /api/books/create
1699795021374 GET /api/books/api/books
1699795022608 GET /api/books
1699795024749 GET /api/books/create
1699795030649 POST /api/books/create
1699795030656 GET /api/books/api/books
1699795032064 GET /api/books
1699795064666 GET /api/books
1699795066174 GET /api/books
1699795067563 GET /api/books
1699795069391 GET /api/books
1699795071882 GET /api/books
1699795073320 GET /api/books
1699795074962 GET /api/books/68e49742-92d9-4204-9da6-16be48df468e
1699795077243 GET /api/books/update/68e49742-92d9-4204-9da6-16be48df468e
1699795079372 GET /api/books
1699795082527 GET /api/books/create
1699795089114 POST /api/books/create
1699795089126 GET /api/books/api/books
1699795090206 GET /api/books
1699795091915 GET /api/books/update/721ec055-d4a3-46ea-bdf8-3800f573e913
1699795093287 GET /api/books
1699795326085 GET /api/books
1699795327426 GET /api/books
1699795328468 GET /
1699795329423 GET /
1699795330165 GET /api/books
1699795333066 POST /api/books/delete/721ec055-d4a3-46ea-bdf8-3800f573e913
1699795333074 GET /api/books
1699795337476 GET /api/books/create
1699795343753 POST /api/books/create
1699795343760 GET /api/books/api/books
1699795345380 GET /api/books
1699795348613 GET /
1699795349422 GET /api/books
1699795350372 GET /api/books
1699795351572 GET /api/books
1699795353918 GET /api/books/create
1699795359040 POST /api/books/create
1699795359046 GET /api/books/api/books
1699795360126 GET /api/books
1699795362023 GET /api/books
1699795364911 GET /api/books/create
1699795369989 POST /api/books/create
1699795369996 GET /api/books/api/books
1699795371901 GET /api/books/api/books
1699795372832 GET /api/books
1699795374930 GET /api/books
1699795720744 GET /api/books
1699795722333 GET /api/books
1699795730207 GET /api/books/96bd8601-4207-4d7b-995b-4014097b85bb
1699795732186 GET /api/books
1699795806517 GET /api/books
1699795811758 GET /api/books/798801f5-aa88-425b-9051-074427f678a3
1699795814207 POST /api/books/delete/798801f5-aa88-425b-9051-074427f678a3
1699795814220 GET /api/books
1699795815961 GET /api/books
1699795816561 GET /
1699795817809 GET /api/books
1699795818862 GET /api/books/create
1699795823941 POST /api/books/create
1699795823948 GET /api/books/api/books
1699795825174 GET /api/books
1699795862843 GET /
1699795863900 GET /api/books
1699795967225 GET /api/books/create
1699795972418 POST /api/books/create
1699795972433 GET /api/books/api/books
1699795973717 GET /api/books
1699795975962 GET /api/books/2e791a36-461d-42f5-9238-642c3ca10823
1699795991566 GET /api/books
1699796006088 GET /api/books/2e791a36-461d-42f5-9238-642c3ca10823
1699796009707 GET /api/books
1699796013775 GET /api/books/create
1699796022215 POST /api/books/create
1699796022222 GET /api/books/api/books
1699796023752 GET /api/books
1699796037020 GET /api/books/b168cbb9-901c-4fec-8f05-22ad06cdf3cf
1699796039492 POST /api/books/delete/b168cbb9-901c-4fec-8f05-22ad06cdf3cf
1699796039499 GET /api/books
1699796043242 GET /api/books/2e791a36-461d-42f5-9238-642c3ca10823
1699796053624 GET /api/books
1699796159393 GET /api/books
1699796161349 GET /api/books/create
1699796169513 POST /api/books/create
1699796169526 GET /api/books
1699796183789 GET /api/books/2b9c7402-a1ba-477e-b61b-f0a513ec07ea
1699796185669 GET /api/books
1699796187839 GET /api/books/update/2b9c7402-a1ba-477e-b61b-f0a513ec07ea
1699796190391 GET /api/books
1699796191996 POST /api/books/delete/2b9c7402-a1ba-477e-b61b-f0a513ec07ea
1699796192004 GET /api/books
1699796664956 GET /api/books
1699796845427 GET /api/books/a6ef7116-fc89-4882-a75b-91e3e9f11fdd
1699796845442 GET /404
1699796850497 GET /api/books/a6ef7116-fc89-4882-a75b-91e3e9f11fdd
1699796850505 GET /404
1699796866852 GET /api/books
1699796867903 GET /api/books/c7cc95b1-26de-4429-820e-8ad340a754fe
1699796875069 GET /api/books
1699796877069 GET /api/books/update/c7cc95b1-26de-4429-820e-8ad340a754fe
1699796878921 GET /api/books
1699796880162 GET /api/books/c7cc95b1-26de-4429-820e-8ad340a754fe
1699796881408 GET /api/books
1699796917150 GET /api/books
1699796918209 GET /
1699796919096 GET /
1699796919803 GET /api/books
1699796921100 GET /api/books/f803228a-3b65-4351-a77a-e11644f4c78d
1699796922384 GET /api/books
1699796924190 GET /api/books/create
1699796929425 POST /api/books/create
1699796929436 GET /api/books
1699796931159 GET /api/books/ad7ab589-5c2d-46a0-9570-5d003a52d8be
1699796934471 GET /api/books
1699796936202 POST /api/books/delete/ad7ab589-5c2d-46a0-9570-5d003a52d8be
1699796936210 GET /api/books
1699796938553 GET /api/books/f803228a-3b65-4351-a77a-e11644f4c78d
1699796940215 POST /api/books/delete/f803228a-3b65-4351-a77a-e11644f4c78d
1699796940222 GET /api/books
1699796953016 GET /api/books
1699796953979 GET /
1699796954828 GET /api/books
1699797101235 GET /api/books
1699797103237 GET /api/books/570a8baf-5e51-4613-8781-e559a8d274e9
1699797104871 GET /api/books
1699797113141 GET /api/books/570a8baf-5e51-4613-8781-e559a8d274e9
1699797114658 GET /api/books
1699797116454 GET /api/books/create
1699797122822 POST /api/books/create
1699797122832 GET /api/books
1699797124383 GET /api/books/6ad8891a-053c-4ff3-8f91-18fb871822d9
1699797127808 POST /api/books/delete/6ad8891a-053c-4ff3-8f91-18fb871822d9
1699797127816 GET /api/books
1699797135350 GET /api/books/570a8baf-5e51-4613-8781-e559a8d274e9
1699797139333 GET /api/books/570a8baf-5e51-4613-8781-e559a8d274e91
1699797139338 GET /404
1699797160174 GET /404
1699797161023 GET /404
1699797161255 GET /404
1699797161515 GET /404
1699797162136 GET /api/books
1699797162769 GET /
1699797163666 GET /api/books
1699797164961 GET /api/books/53217f6e-e9f5-4e29-a9f3-e2f7144d97c1
1699797166406 GET /api/books
1699797169909 GET /api/books/53217f6e-e9f5-4e29-a9f3-e2f7144d97c1
1699797174686 GET /api/books/53217f6e-e9f5-4e29-a9f3-e2f7144d97c11
1699797188390 GET /api/books/53217f6e-e9f5-4e29-a9f3-e2f7144d97c11
1699797188402 GET /404
1699797189533 GET /
1699797190762 GET /
1699797191641 GET /api/books
1699797192711 GET /api/books/7cbc9cdb-1af9-44b4-91ea-e0547c6a49e2
1699797195726 GET /api/books
1699797197815 GET /api/books/create
1699797202959 POST /api/books/create
1699797202967 GET /api/books
1699797205945 GET /api/books/7cbc9cdb-1af9-44b4-91ea-e0547c6a49e2
1699797207216 GET /api/books
1699797208091 GET /api/books/1dcf2231-108a-478c-98c9-813bee86ced5
1699797209643 GET /api/books
1699797212202 GET /api/books/1dcf2231-108a-478c-98c9-813bee86ced5
1699797214409 POST /api/books/delete/1dcf2231-108a-478c-98c9-813bee86ced5
1699797214416 GET /api/books
1699797641792 GET /api/books
1699797643246 GET /api/books/update/68499421-fd5c-47ea-abbc-0d41d0eeaae1
1699797762526 GET /api/books/update/68499421-fd5c-47ea-abbc-0d41d0eeaae1
1699797762539 GET /404
1699797763779 GET /
1699797764544 GET /api/books
1699797765899 GET /api/books/update/36372bb5-7383-456f-bd59-f986c97f261e
1699797771821 GET /
1699797772933 GET /
1699797773469 GET /api/books
1699797775570 GET /api/books/36372bb5-7383-456f-bd59-f986c97f261e
1699797776772 GET /api/books
1699797777898 GET /api/books/36372bb5-7383-456f-bd59-f986c97f261e
1699797778817 GET /api/books/update/36372bb5-7383-456f-bd59-f986c97f261e
1699797781150 POST /api/books/update/36372bb5-7383-456f-bd59-f986c97f261e
1699797798353 GET /api/books
1699797800450 GET /api/books/update/36372bb5-7383-456f-bd59-f986c97f261e
1699797803132 GET /api/books
1699797804956 GET /api/books/update/36372bb5-7383-456f-bd59-f986c97f261e
1699797806575 POST /api/books/update/36372bb5-7383-456f-bd59-f986c97f261e
1699797807749 GET /api/books
1699797809109 GET /api/books/36372bb5-7383-456f-bd59-f986c97f261e
1699797810376 GET /api/books
1699797811838 GET /api/books/update/36372bb5-7383-456f-bd59-f986c97f261e
1699797815069 GET /api/books
1699797816491 GET /api/books/create
1699797826036 POST /api/books/create
1699797826043 GET /api/books
1699797828849 GET /api/books/update/81d86e74-fa41-40a9-b882-d8ab18a87a7b
1699797833425 GET /api/books
1699798292829 GET /api/books
1699798295206 GET /api/books/update/a0c0cd01-152a-49d4-922b-5f01c58a46f3
1699798297323 POST /api/books/update/a0c0cd01-152a-49d4-922b-5f01c58a46f3
1699798303322 POST /api/books/update/a0c0cd01-152a-49d4-922b-5f01c58a46f3
1699798521776 GET /api/books/update/a0c0cd01-152a-49d4-922b-5f01c58a46f3
1699798521805 GET /404
1699798522878 GET /
1699798524140 GET /api/books
1699798526242 GET /api/books/update/89a89ae3-43f5-4b34-ac6b-78b67e8f4b9c
1699798534530 POST /api/books/update/89a89ae3-43f5-4b34-ac6b-78b67e8f4b9c
1699798534539 GET /api/books/89a89ae3-43f5-4b34-ac6b-78b67e8f4b9c
1699798543781 GET /api/books
1699798547940 GET /api/books/create
1699798554973 POST /api/books/create
1699798554982 GET /api/books
1699798557518 GET /api/books/d2d6c89f-ee1b-4e9d-bf4b-fcdee7e8dbaa
1699798560037 GET /api/books
1699798561548 GET /api/books/update/d2d6c89f-ee1b-4e9d-bf4b-fcdee7e8dbaa
1699798571788 POST /api/books/update/d2d6c89f-ee1b-4e9d-bf4b-fcdee7e8dbaa
1699798571796 GET /api/books/d2d6c89f-ee1b-4e9d-bf4b-fcdee7e8dbaa
1699798573751 GET /api/books
1699798578754 POST /api/books/delete/89a89ae3-43f5-4b34-ac6b-78b67e8f4b9c
1699798578761 GET /api/books
1699798580567 GET /api/books/d2d6c89f-ee1b-4e9d-bf4b-fcdee7e8dbaa
1699798582432 POST /api/books/delete/d2d6c89f-ee1b-4e9d-bf4b-fcdee7e8dbaa
1699798582437 GET /api/books
1699798718668 GET /api/books
1699798720446 GET /
1699798722140 GET /
1699798723111 GET /api/books
1699798725458 GET /api/books/8310a916-b47c-4eed-a1d5-31f72cbca68c
1699798727861 GET /api/books
1699798913071 GET /api/books
1699798914077 GET /api/books
1699798914320 GET /api/books
1699798915235 GET /
1699798916281 GET /
1699798917948 GET /api/books
1699798920389 GET /api/books/a5d926a2-02e5-48f4-965a-3c56e89ea4b1
1699798921935 GET /api/books
1699798925280 GET /api/books/create
1699798931904 POST /api/books/create
1699798931919 GET /api/books
1699798933737 GET /api/books/582eb3fd-0b14-4fda-8dd9-0917b3017041
1699798935873 GET /api/books
1699799094186 GET /api/books/update/582eb3fd-0b14-4fda-8dd9-0917b3017041
1699799100957 POST /api/books/update/582eb3fd-0b14-4fda-8dd9-0917b3017041
1699799100966 GET /api/books/582eb3fd-0b14-4fda-8dd9-0917b3017041
1699799105667 POST /api/books/delete/582eb3fd-0b14-4fda-8dd9-0917b3017041
1699799105677 GET /api/books
1699799107393 POST /api/books/delete/a5d926a2-02e5-48f4-965a-3c56e89ea4b1
1699799107401 GET /api/books
1699799109124 GET /
1699799110868 GET /api/books
1699799112841 GET /api/books/create
1699799117338 POST /api/books/create
1699799117346 GET /api/books
1699799119411 GET /api/books
1699799120339 GET /
1699799121164 GET /
1699799121997 GET /
1699799122706 GET /api/books
1703699841332 GET /api/books
1703699841512 GET /favicon.ico
1703699852313 GET /api/books/7a6ac5ea-8e22-4c6d-8f0e-06c485ca59f0
1703699852359 GET /favicon.ico
1703699855459 GET /favicon.ico
1703699860024 GET /api/books/create
1703699860068 GET /favicon.ico
1703699867025 POST /api/books/create
1703699867033 GET /api/books
1703699867067 GET /favicon.ico
1703699870099 GET /api/books/update/1f110030-dba1-4233-8ed1-c77d41f4523b
1703699870140 GET /favicon.ico
1703699876442 POST /api/books/update/1f110030-dba1-4233-8ed1-c77d41f4523b
1703699876449 GET /api/books/1f110030-dba1-4233-8ed1-c77d41f4523b
1703699876485 GET /favicon.ico
1703699879809 GET /api/books
1703699879841 GET /favicon.ico
1703699882505 GET /api/books/1f110030-dba1-4233-8ed1-c77d41f4523b
1703699882535 GET /favicon.ico
1703699885498 GET /favicon.ico
1703700670995 GET /api/books
1703700671181 GET /favicon.ico
1703700677525 GET /api/books/create
1703700677564 GET /favicon.ico
1703700686979 POST /api/books/create
1703700686986 GET /api/books
1703700687017 GET /favicon.ico
1703700697804 GET /api/books/d276eae7-5b81-410e-b181-a4235b157c25
1703700697841 GET /favicon.ico
1703700700788 GET /api/books/update/d276eae7-5b81-410e-b181-a4235b157c25
1703700700824 GET /favicon.ico
1703700706250 POST /api/books/update/d276eae7-5b81-410e-b181-a4235b157c25
1703700706256 GET /api/books/d276eae7-5b81-410e-b181-a4235b157c25
1703700706290 GET /favicon.ico
1703700709527 GET /api/books
1703700709565 GET /favicon.ico
1703700712254 POST /api/books/delete/d276eae7-5b81-410e-b181-a4235b157c25
1703700712260 GET /api/books
1703700712293 GET /favicon.ico
1703775544028 GET /api/books
1703775544122 GET /favicon.ico
1703775546918 GET /api/books
1703775546979 GET /favicon.ico
1703775547562 GET /
1703775547622 GET /favicon.ico
1703775548936 GET /
1703775548974 GET /favicon.ico
1703775550561 GET /
1703775550601 GET /favicon.ico
1703775551188 GET /
1703775551221 GET /favicon.ico
1703775551943 GET /
1703775551979 GET /favicon.ico
1703775552635 GET /
1703775552669 GET /favicon.ico
1703775553083 GET /
1703775553120 GET /favicon.ico
1703775553575 GET /
1703775553613 GET /favicon.ico
1703775554104 GET /
1703775554138 GET /favicon.ico
1703775554485 GET /
1703775554520 GET /favicon.ico
1703775579183 GET /
1703775579221 GET /favicon.ico
1703775580275 GET /
1703775580318 GET /favicon.ico
1703775581021 GET /api/books
1703775581067 GET /favicon.ico
1703775582343 GET /
1703775582381 GET /favicon.ico
1703775583103 GET /
1703775583136 GET /favicon.ico
1703775583718 GET /
1703775583754 GET /favicon.ico
1703775584632 GET /api/books
1703775584673 GET /favicon.ico
1703775586765 GET /
1703775586801 GET /favicon.ico
1703775587400 GET /
1703775587435 GET /favicon.ico
1703775588605 GET /
1703775588638 GET /favicon.ico
1703775589258 GET /api/books
1703775589296 GET /favicon.ico
1703775597290 GET /api/books
1703775597330 GET /favicon.ico
1703775599827 GET /
1703775599864 GET /favicon.ico
1703775601088 GET /api/books
1703775601130 GET /favicon.ico
1703775601794 GET /
1703775601825 GET /favicon.ico
1703775602716 GET /
1703775602751 GET /favicon.ico
1703775603432 GET /
1703775603468 GET /favicon.ico
1703775605148 GET /api/books
1703775605182 GET /favicon.ico
1703775613584 GET /api/books
1703775613618 GET /favicon.ico
1703775614094 GET /
1703775614132 GET /favicon.ico
1703775622783 GET /api/books
1703775622833 GET /favicon.ico
1703775623419 GET /
1703775623455 GET /favicon.ico
1703775625559 GET /
1703775625601 GET /favicon.ico
1703851981592 GET /
1703851981769 GET /favicon.ico
1703851983323 GET /api/books
1703851983377 GET /favicon.ico
1703851988150 GET /
1703851988184 GET /favicon.ico
1703851989152 GET /
1703851989180 GET /favicon.ico
1703851989899 GET /api/books
1703851989931 GET /favicon.ico
1703851994000 GET /api/books/ab0d9bcf-4cdb-47ae-ab8f-8901214a547f
1703851994044 GET /favicon.ico
1703851995812 GET /api/books
1703851995840 GET /favicon.ico
1703851999259 GET /api/books/update/ab0d9bcf-4cdb-47ae-ab8f-8901214a547f
1703851999291 GET /favicon.ico
1703852002818 POST /api/books/update/ab0d9bcf-4cdb-47ae-ab8f-8901214a547f
1703852002825 GET /api/books/ab0d9bcf-4cdb-47ae-ab8f-8901214a547f
1703852002855 GET /favicon.ico
1703852004493 GET /api/books
1703852004524 GET /favicon.ico
1703852006670 GET /api/books/create
1703852006705 GET /favicon.ico
1703852012246 POST /api/books/create
1703852012253 GET /api/books
1703852012287 GET /favicon.ico
1703852014693 POST /api/books/delete/ab0d9bcf-4cdb-47ae-ab8f-8901214a547f
1703852014698 GET /api/books
1703852014729 GET /favicon.ico
1703852015580 POST /api/books/delete/b7504a0c-4c1a-4780-8ecd-e336a01e2f27
1703852015585 GET /api/books
1703852015615 GET /favicon.ico
1703852017622 GET /api/books/create
1703852017655 GET /favicon.ico
1703852023050 POST /api/books/create
1703852023055 GET /api/books
1703852023086 GET /favicon.ico
1703852052665 GET /
1703852052712 GET /favicon.ico
1703852055145 GET /api/books
1703852055179 GET /favicon.ico
1703852056793 GET /api/books/update/b9af6651-cb74-43c5-af4f-d51199903646
1703852056827 GET /favicon.ico
1703852059843 POST /api/books/update/b9af6651-cb74-43c5-af4f-d51199903646
1703852059853 GET /api/books/b9af6651-cb74-43c5-af4f-d51199903646
1703852059883 GET /favicon.ico
1703852060709 GET /api/books
1703852060742 GET /favicon.ico
